0 info it worked if it ends with ok
1 verbose cli [ '/Users/atp/.nvm/versions/node/v6.2.2/bin/node',
1 verbose cli   '/Users/atp/.nvm/versions/node/v6.2.2/bin/npm',
1 verbose cli   'run',
1 verbose cli   'watch' ]
2 info using npm@3.9.5
3 info using node@v6.2.2
4 verbose run-script [ 'prewatch', 'watch', 'postwatch' ]
5 info lifecycle movies-evan-likes@0.0.1~prewatch: movies-evan-likes@0.0.1
6 silly lifecycle movies-evan-likes@0.0.1~prewatch: no script for prewatch, continuing
7 info lifecycle movies-evan-likes@0.0.1~watch: movies-evan-likes@0.0.1
8 verbose lifecycle movies-evan-likes@0.0.1~watch: unsafe-perm in lifecycle true
9 verbose lifecycle movies-evan-likes@0.0.1~watch: PATH: /Users/atp/.nvm/versions/node/v6.2.2/lib/node_modules/npm/bin/node-gyp-bin:/Users/atp/repos/coding-challenges/ko-take-homes/front-end/movies-evan-likes/node_modules/.bin:/Users/atp/.nvm/versions/node/v6.2.2/bin:/Users/atp/.nvm/versions/node/v6.2.2/bin:/usr/local/bin:/usr/local/sbin:~/bin:/Users/atp/.rbenv/bin:/Users/atp/.rbenv/shims:/usr/local/bin:/usr/bin:/bin:/usr/sbin:/sbin:/Users/blueotter/Development/android-sdk-macosx//tools:/Users/blueotter/Development/gradle-2.12:/Users/atp/blueotter/Development/nodechef-cli:/Library/Python/2.7/bin
10 verbose lifecycle movies-evan-likes@0.0.1~watch: CWD: /Users/atp/repos/coding-challenges/ko-take-homes/front-end/movies-evan-likes
11 silly lifecycle movies-evan-likes@0.0.1~watch: Args: [ '-c', 'rollup -c -w' ]
12 silly lifecycle movies-evan-likes@0.0.1~watch: Returned: code: 1  signal: null
13 info lifecycle movies-evan-likes@0.0.1~watch: Failed to exec watch script
14 verbose stack Error: movies-evan-likes@0.0.1 watch: `rollup -c -w`
14 verbose stack Exit status 1
14 verbose stack     at EventEmitter.<anonymous> (/Users/atp/.nvm/versions/node/v6.2.2/lib/node_modules/npm/lib/utils/lifecycle.js:245:16)
14 verbose stack     at emitTwo (events.js:106:13)
14 verbose stack     at EventEmitter.emit (events.js:191:7)
14 verbose stack     at ChildProcess.<anonymous> (/Users/atp/.nvm/versions/node/v6.2.2/lib/node_modules/npm/lib/utils/spawn.js:24:14)
14 verbose stack     at emitTwo (events.js:106:13)
14 verbose stack     at ChildProcess.emit (events.js:191:7)
14 verbose stack     at maybeClose (internal/child_process.js:852:16)
14 verbose stack     at Process.ChildProcess._handle.onexit (internal/child_process.js:215:5)
15 verbose pkgid movies-evan-likes@0.0.1
16 verbose cwd /Users/atp/repos/coding-challenges/ko-take-homes/front-end/movies-evan-likes
17 error Darwin 14.5.0
18 error argv "/Users/atp/.nvm/versions/node/v6.2.2/bin/node" "/Users/atp/.nvm/versions/node/v6.2.2/bin/npm" "run" "watch"
19 error node v6.2.2
20 error npm  v3.9.5
21 error code ELIFECYCLE
22 error movies-evan-likes@0.0.1 watch: `rollup -c -w`
22 error Exit status 1
23 error Failed at the movies-evan-likes@0.0.1 watch script 'rollup -c -w'.
23 error Make sure you have the latest version of node.js and npm installed.
23 error If you do, this is most likely a problem with the movies-evan-likes package,
23 error not with npm itself.
23 error Tell the author that this fails on your system:
23 error     rollup -c -w
23 error You can get information on how to open an issue for this project with:
23 error     npm bugs movies-evan-likes
23 error Or if that isn't available, you can get their info via:
23 error     npm owner ls movies-evan-likes
23 error There is likely additional logging output above.
24 verbose exit [ 1, true ]
